#
# There is insufficient memory for the Java Runtime Environment to continue.
# Native memory allocation (malloc) failed to allocate 1048576 bytes for AllocateHeap
# Possible reasons:
#   The system is out of physical RAM or swap space
#   In 32 bit mode, the process size limit was hit
# Possible solutions:
#   Reduce memory load on the system
#   Increase physical memory or swap space
#   Check if swap backing store is full
#   Use 64 bit Java on a 64 bit OS
#   Decrease Java heap size (-Xmx/-Xms)
#   Decrease number of Java threads
#   Decrease Java thread stack sizes (-Xss)
#   Set larger code cache with -XX:ReservedCodeCacheSize=
# This output file may be truncated or incomplete.
#
#  Out of Memory Error (memory/allocation.inline.hpp:61), pid=11360, tid=7728
#
# JRE version:  (8.0_66-b17) (build )
# Java VM: Java HotSpot(TM) 64-Bit Server VM (25.66-b17 mixed mode windows-amd64 compressed oops)
# Failed to write core dump. Minidumps are not enabled by default on client versions of Windows
#

---------------  T H R E A D  ---------------

Current thread (0x0000000002761000):  JavaThread "Unknown thread" [_thread_in_vm, id=7728, stack(0x0000000002590000,0x0000000002690000)]

Stack: [0x0000000002590000,0x0000000002690000]
[error occurred during error reporting (printing stack bounds), id 0xc0000005]

Native frames: (J=compiled Java code, j=interpreted, Vv=VM code, C=native code)


---------------  P R O C E S S  ---------------

Java Threads: ( => current thread )

Other Threads:

=>0x0000000002761000 (exited) JavaThread "Unknown thread" [_thread_in_vm, id=7728, stack(0x0000000002590000,0x0000000002690000)]

VM state:not at safepoint (normal execution)

VM Mutex/Monitor currently owned by a thread: None

Heap:
 PSYoungGen      total 37888K, used 655K [0x00000000d6100000, 0x00000000d8b00000, 0x0000000100000000)
  eden space 32768K, 2% used [0x00000000d6100000,0x00000000d61a3d80,0x00000000d8100000)
  from space 5120K, 0% used [0x00000000d8600000,0x00000000d8600000,0x00000000d8b00000)
  to   space 5120K, 0% used [0x00000000d8100000,0x00000000d8100000,0x00000000d8600000)
 ParOldGen       total 86016K, used 0K [0x0000000082200000, 0x0000000087600000, 0x00000000d6100000)
  object space 86016K, 0% used [0x0000000082200000,0x0000000082200000,0x0000000087600000)
 Metaspace       used 767K, capacity 4480K, committed 4480K, reserved 1056768K
  class space    used 75K, capacity 384K, committed 384K, reserved 1048576K

Card table byte_map: [0x0000000011c20000,0x0000000012010000] byte_map_base: 0x000000001180f000

Marking Bits: (ParMarkBitMap*) 0x00000000644ea5b0
 Begin Bits: [0x00000000126b0000, 0x0000000014628000)
 End Bits:   [0x0000000014628000, 0x00000000165a0000)

Polling page: 0x00000000006b0000

CodeCache: size=245760Kb used=328Kb max_used=328Kb free=245431Kb
 bounds [0x0000000002860000, 0x0000000002ad0000, 0x0000000011860000]
 total_blobs=57 nmethods=0 adapters=37
 compilation: enabled

Compilation events (0 events):
No events

GC Heap History (0 events):
No events

Deoptimization events (0 events):
No events

Internal exceptions (0 events):
No events

Events (10 events):
Event: 0.018 loading class java/lang/Short
Event: 0.018 loading class java/lang/Short done
Event: 0.018 loading class java/lang/Integer
Event: 0.018 loading class java/lang/Integer done
Event: 0.018 loading class java/lang/Long
Event: 0.018 loading class java/lang/Long done
Event: 0.019 loading class java/lang/NullPointerException
Event: 0.019 loading class java/lang/NullPointerException done
Event: 0.019 loading class java/lang/ArithmeticException
Event: 0.019 loading class java/lang/ArithmeticException done


Dynamic libraries:
0x00007ff78e390000 - 0x00007ff78e3c7000 	C:\Program Files\Java\jdk1.8.0_66\jre\bin\java.exe
0x00007fff46950000 - 0x00007fff46b31000 	C:\WINDOWS\SYSTEM32\ntdll.dll
0x00007fff442f0000 - 0x00007fff443a2000 	C:\WINDOWS\System32\KERNEL32.DLL
0x00007fff439e0000 - 0x00007fff43c53000 	C:\WINDOWS\System32\KERNELBASE.dll
0x00007fff46780000 - 0x00007fff46821000 	C:\WINDOWS\System32\ADVAPI32.dll
0x00007fff443b0000 - 0x00007fff4444e000 	C:\WINDOWS\System32\msvcrt.dll
0x00007fff46580000 - 0x00007fff465db000 	C:\WINDOWS\System32\sechost.dll
0x00007fff46290000 - 0x00007fff463b4000 	C:\WINDOWS\System32\RPCRT4.dll
0x00007fff44900000 - 0x00007fff44a90000 	C:\WINDOWS\System32\USER32.dll
0x00007fff43dc0000 - 0x00007fff43de0000 	C:\WINDOWS\System32\win32u.dll
0x00007fff46260000 - 0x00007fff46288000 	C:\WINDOWS\System32\GDI32.dll
0x00007fff43060000 - 0x00007fff431f2000 	C:\WINDOWS\System32\gdi32full.dll
0x00007fff42dd0000 - 0x00007fff42e6f000 	C:\WINDOWS\System32\msvcp_win.dll
0x00007fff43cc0000 - 0x00007fff43dba000 	C:\WINDOWS\System32\ucrtbase.dll
0x00007fff2bee0000 - 0x00007fff2c149000 	C:\WINDOWS\WinSxS\amd64_microsoft.windows.common-controls_6595b64144ccf1df_6.0.17134.112_none_fb3f961b30681c12\COMCTL32.dll
0x00007fff43ef0000 - 0x00007fff44213000 	C:\WINDOWS\System32\combase.dll
0x00007fff43200000 - 0x00007fff4327a000 	C:\WINDOWS\System32\bcryptPrimitives.dll
0x00007fff43de0000 - 0x00007fff43e0d000 	C:\WINDOWS\System32\IMM32.DLL
0x0000000064f70000 - 0x0000000065042000 	C:\Program Files\Java\jdk1.8.0_66\jre\bin\msvcr100.dll
0x0000000063ce0000 - 0x0000000064569000 	C:\Program Files\Java\jdk1.8.0_66\jre\bin\server\jvm.dll
0x00007fff43e10000 - 0x00007fff43e18000 	C:\WINDOWS\System32\PSAPI.DLL
0x00007fff355f0000 - 0x00007fff355fa000 	C:\WINDOWS\SYSTEM32\VERSION.dll
0x00007fff40ae0000 - 0x00007fff40ae9000 	C:\WINDOWS\SYSTEM32\WSOCK32.dll
0x00007fff406f0000 - 0x00007fff40713000 	C:\WINDOWS\SYSTEM32\WINMM.dll
0x00007fff44b30000 - 0x00007fff44b9c000 	C:\WINDOWS\System32\WS2_32.dll
0x00007fff406c0000 - 0x00007fff406ea000 	C:\WINDOWS\SYSTEM32\winmmbase.dll
0x00007fff43990000 - 0x00007fff439d9000 	C:\WINDOWS\System32\cfgmgr32.dll
0x0000000065180000 - 0x000000006518f000 	C:\Program Files\Java\jdk1.8.0_66\jre\bin\verify.dll
0x0000000064f40000 - 0x0000000064f69000 	C:\Program Files\Java\jdk1.8.0_66\jre\bin\java.dll
0x0000000064f20000 - 0x0000000064f36000 	C:\Program Files\Java\jdk1.8.0_66\jre\bin\zip.dll

VM Arguments:
java_command: C:\Users\CYM\Documents\workspace-sts-3.9.4.RELEASE\servicioVideoLlamada01\target\surefire\surefirebooter8701983741881570992.jar C:\Users\CYM\Documents\workspace-sts-3.9.4.RELEASE\servicioVideoLlamada01\target\surefire\surefire1919540117163561557tmp C:\Users\CYM\Documents\workspace-sts-3.9.4.RELEASE\servicioVideoLlamada01\target\surefire\surefire_05101254273675442273tmp
java_class_path (initial): C:\Users\CYM\Documents\workspace-sts-3.9.4.RELEASE\servicioVideoLlamada01\target\surefire\surefirebooter8701983741881570992.jar
Launcher Type: SUN_STANDARD

Environment Variables:
PATH=C:/Program Files/Java/jre1.8.0_171/bin/server;C:/Program Files/Java/jre1.8.0_171/bin;C:/Program Files/Java/jre1.8.0_171/lib/amd64;C:\Program Files (x86)\Common Files\Oracle\Java\javapath;C:\ProgramData\Oracle\Java\javapath;C:\app\client\CYM\product\12.1.0\client_1;C:\app\client\CYM\product\12.1.0\client_1\bin;C:\WINDOWS\system32;C:\WINDOWS;C:\WINDOWS\System32\Wbem;C:\WINDOWS\System32\WindowsPowerShell\v1.0\;C:\Program Files\Git\cmd;C:\WINDOWS\System32\OpenSSH\;c:\Program Files\Microsoft SQL Server\110\Tools\Binn\;c:\Program Files (x86)\Microsoft SQL Server\110\Tools\Binn\;c:\Program Files\Microsoft SQL Server\110\DTS\Binn\;c:\Program Files (x86)\Microsoft SQL Server\110\Tools\Binn\ManagementStudio\;c:\Program Files (x86)\Microsoft Visual Studio 10.0\Common7\IDE\PrivateAssemblies\;c:\Program Files (x86)\Microsoft SQL Server\110\DTS\Binn\;%NVM_HOME%;%NVM_SYMLINK%;C:\Users\CYM\AppData\Local\Programs\Python\Python36\Scripts\;C:\Users\CYM\AppData\Local\Programs\Python\Python36\;C:\Users\CYM\AppData\Local\Microsoft\WindowsApps;C:\Users\CYM\AppData\Roaming\npm;C:\Program Files\Microsoft VS Code\bin;C:\WINDOWS\system32;C:\Users\CYM\cmd\vendor\conemu-maximus5;C:\Users\CYM\AppData\Roaming\nvm;C:\Program Files\nodejs;C:\Users\CYM\spring-tools-exe\sts-bundle\sts-3.9.4.RELEASE;
USERNAME=CYM
OS=Windows_NT
PROCESSOR_IDENTIFIER=Intel64 Family 6 Model 142 Stepping 9, GenuineIntel



---------------  S Y S T E M  ---------------

OS: Windows 10.0 , 64 bit Build 17134 (10.0.17134.1)

CPU:total 4 (2 cores per cpu, 2 threads per core) family 6 model 142 stepping 9, cmov, cx8, fxsr, mmx, sse, sse2, sse3, ssse3, sse4.1, sse4.2, popcnt, avx, avx2, aes, clmul, erms, 3dnowpref, lzcnt, ht, tsc, tscinvbit, bmi1, bmi2, adx

Memory: 4k page, physical 8243596k(1034072k free), swap 8243596k(5692k free)

vm_info: Java HotSpot(TM) 64-Bit Server VM (25.66-b17) for windows-amd64 JRE (1.8.0_66-b17), built on Oct  6 2015 18:55:33 by "java_re" with MS VC++ 10.0 (VS2010)

time: Fri Jun 15 15:02:28 2018
elapsed time: 0 seconds (0d 0h 0m 0s)

